This file contains any messages produced by compilers while
running configure, to aid debugging if configure makes a mistake.

It was created by calculator configure 0.1, which was
generated by GNU Autoconf 2.69.  Invocation command line was

  $ ./configure 

## --------- ##
## Platform. ##
## --------- ##

hostname = ArchLinux
uname -m = x86_64
uname -r = 4.3.3-3-ARCH
uname -s = Linux
uname -v = #1 SMP PREEMPT Wed Jan 20 08:12:23 CET 2016

/usr/bin/uname -p = unknown
/bin/uname -X     = unknown

/bin/arch              = unknown
/usr/bin/arch -k       = unknown
/usr/convex/getsysinfo = unknown
/usr/bin/hostinfo      = unknown
/bin/machine           = unknown
/usr/bin/oslevel       = unknown
/bin/universe          = unknown

PATH: /home/james/bin
PATH: /usr/local/bin
PATH: /usr/local/sbin
PATH: /usr/local/bin
PATH: /usr/bin
PATH: /opt/android-sdk/platform-tools
PATH: /usr/lib/jvm/default/bin
PATH: /usr/bin/site_perl
PATH: /usr/bin/vendor_perl
PATH: /usr/bin/core_perl
PATH: /opt/android-sdk/platform-tools


## ----------- ##
## Core tests. ##
## ----------- ##

configure:2496: checking for a BSD-compatible install
configure:2564: result: /usr/bin/install -c
configure:2575: checking whether build environment is sane
configure:2630: result: yes
configure:2781: checking for a thread-safe mkdir -p
configure:2820: result: /usr/bin/mkdir -p
configure:2827: checking for gawk
configure:2843: found /usr/bin/gawk
configure:2854: result: gawk
configure:2865: checking whether make sets $(MAKE)
configure:2887: result: yes
configure:2916: checking whether make supports nested variables
configure:2933: result: yes
configure:3071: checking whether make supports nested variables
configure:3088: result: yes
configure:3148: checking for gcc
configure:3164: found /usr/bin/gcc
configure:3175: result: gcc
configure:3404: checking for C compiler version
configure:3413: gcc --version >&5
gcc (GCC) 5.3.0
Copyright (C) 2015 Free Software Foundation, Inc.
This is free software; see the source for copying conditions.  There is NO
warranty; not even for MERCHANTABILITY or FITNESS FOR A PARTICULAR PURPOSE.

configure:3424: $? = 0
configure:3413: gcc -v >&5
Using built-in specs.
COLLECT_GCC=gcc
COLLECT_LTO_WRAPPER=/usr/lib/gcc/x86_64-unknown-linux-gnu/5.3.0/lto-wrapper
Target: x86_64-unknown-linux-gnu
Configured with: /build/gcc/src/gcc-5.3.0/configure --prefix=/usr --libdir=/usr/lib --libexecdir=/usr/lib --mandir=/usr/share/man --infodir=/usr/share/info --with-bugurl=https://bugs.archlinux.org/ --enable-languages=c,c++,ada,fortran,go,lto,objc,obj-c++ --enable-shared --enable-threads=posix --enable-libmpx --with-system-zlib --with-isl --enable-__cxa_atexit --disable-libunwind-exceptions --enable-clocale=gnu --disable-libstdcxx-pch --disable-libssp --enable-gnu-unique-object --enable-linker-build-id --enable-lto --enable-plugin --enable-install-libiberty --with-linker-hash-style=gnu --enable-gnu-indirect-function --disable-multilib --disable-werror --enable-checking=release
Thread model: posix
gcc version 5.3.0 (GCC) 
configure:3424: $? = 0
configure:3413: gcc -V >&5
gcc: error: unrecognized command line option '-V'
gcc: fatal error: no input files
compilation terminated.
configure:3424: $? = 1
configure:3413: gcc -qversion >&5
gcc: error: unrecognized command line option '-qversion'
gcc: fatal error: no input files
compilation terminated.
configure:3424: $? = 1
configure:3444: checking whether the C compiler works
configure:3466: gcc    conftest.c  >&5
configure:3470: $? = 0
configure:3518: result: yes
configure:3521: checking for C compiler default output file name
configure:3523: result: a.out
configure:3529: checking for suffix of executables
configure:3536: gcc -o conftest    conftest.c  >&5
configure:3540: $? = 0
configure:3562: result: 
configure:3584: checking whether we are cross compiling
configure:3592: gcc -o conftest    conftest.c  >&5
configure:3596: $? = 0
configure:3603: ./conftest
configure:3607: $? = 0
configure:3622: result: no
configure:3627: checking for suffix of object files
configure:3649: gcc -c   conftest.c >&5
configure:3653: $? = 0
configure:3674: result: o
configure:3678: checking whether we are using the GNU C compiler
configure:3697: gcc -c   conftest.c >&5
configure:3697: $? = 0
configure:3706: result: yes
configure:3715: checking whether gcc accepts -g
configure:3735: gcc -c -g  conftest.c >&5
configure:3735: $? = 0
configure:3776: result: yes
configure:3793: checking for gcc option to accept ISO C89
configure:3856: gcc  -c -g -O2  conftest.c >&5
configure:3856: $? = 0
configure:3869: result: none needed
configure:3894: checking whether gcc understands -c and -o together
configure:3916: gcc -c conftest.c -o conftest2.o
configure:3919: $? = 0
configure:3916: gcc -c conftest.c -o conftest2.o
configure:3919: $? = 0
configure:3931: result: yes
configure:3959: checking for style of include used by make
configure:3987: result: GNU
configure:4013: checking dependency style of gcc
configure:4124: result: gcc3
configure:4146: checking how to run the C preprocessor
configure:4177: gcc -E  conftest.c
configure:4177: $? = 0
configure:4191: gcc -E  conftest.c
conftest.c:11:28: fatal error: ac_nonexistent.h: No such file or directory
compilation terminated.
configure:4191: $? = 1
configure: failed program was:
| /* confdefs.h */
| #define PACKAGE_NAME "calculator"
| #define PACKAGE_TARNAME "calculator"
| #define PACKAGE_VERSION "0.1"
| #define PACKAGE_STRING "calculator 0.1"
| #define PACKAGE_BUGREPORT ""
| #define PACKAGE_URL ""
| #define PACKAGE "calculator"
| #define VERSION "0.1"
| /* end confdefs.h.  */
| #include <ac_nonexistent.h>
configure:4216: result: gcc -E
configure:4236: gcc -E  conftest.c
configure:4236: $? = 0
configure:4250: gcc -E  conftest.c
conftest.c:11:28: fatal error: ac_nonexistent.h: No such file or directory
compilation terminated.
configure:4250: $? = 1
configure: failed program was:
| /* confdefs.h */
| #define PACKAGE_NAME "calculator"
| #define PACKAGE_TARNAME "calculator"
| #define PACKAGE_VERSION "0.1"
| #define PACKAGE_STRING "calculator 0.1"
| #define PACKAGE_BUGREPORT ""
| #define PACKAGE_URL ""
| #define PACKAGE "calculator"
| #define VERSION "0.1"
| /* end confdefs.h.  */
| #include <ac_nonexistent.h>
configure:4336: checking for g++
configure:4352: found /usr/bin/g++
configure:4363: result: g++
configure:4390: checking for C++ compiler version
configure:4399: g++ --version >&5
g++ (GCC) 5.3.0
Copyright (C) 2015 Free Software Foundation, Inc.
This is free software; see the source for copying conditions.  There is NO
warranty; not even for MERCHANTABILITY or FITNESS FOR A PARTICULAR PURPOSE.

configure:4410: $? = 0
configure:4399: g++ -v >&5
Using built-in specs.
COLLECT_GCC=g++
COLLECT_LTO_WRAPPER=/usr/lib/gcc/x86_64-unknown-linux-gnu/5.3.0/lto-wrapper
Target: x86_64-unknown-linux-gnu
Configured with: /build/gcc/src/gcc-5.3.0/configure --prefix=/usr --libdir=/usr/lib --libexecdir=/usr/lib --mandir=/usr/share/man --infodir=/usr/share/info --with-bugurl=https://bugs.archlinux.org/ --enable-languages=c,c++,ada,fortran,go,lto,objc,obj-c++ --enable-shared --enable-threads=posix --enable-libmpx --with-system-zlib --with-isl --enable-__cxa_atexit --disable-libunwind-exceptions --enable-clocale=gnu --disable-libstdcxx-pch --disable-libssp --enable-gnu-unique-object --enable-linker-build-id --enable-lto --enable-plugin --enable-install-libiberty --with-linker-hash-style=gnu --enable-gnu-indirect-function --disable-multilib --disable-werror --enable-checking=release
Thread model: posix
gcc version 5.3.0 (GCC) 
configure:4410: $? = 0
configure:4399: g++ -V >&5
g++: error: unrecognized command line option '-V'
g++: fatal error: no input files
compilation terminated.
configure:4410: $? = 1
configure:4399: g++ -qversion >&5
g++: error: unrecognized command line option '-qversion'
g++: fatal error: no input files
compilation terminated.
configure:4410: $? = 1
configure:4414: checking whether we are using the GNU C++ compiler
configure:4433: g++ -c   conftest.cpp >&5
configure:4433: $? = 0
configure:4442: result: yes
configure:4451: checking whether g++ accepts -g
configure:4471: g++ -c -g  conftest.cpp >&5
configure:4471: $? = 0
configure:4512: result: yes
configure:4537: checking dependency style of g++
configure:4648: result: gcc3
configure:4667: checking whether NLS is requested
configure:4676: result: yes
configure:4694: checking for intltool >= 0.35.0
configure:4696: result: 0.51.0 found
configure:4704: checking for intltool-update
configure:4722: found /usr/bin/intltool-update
configure:4734: result: /usr/bin/intltool-update
configure:4744: checking for intltool-merge
configure:4762: found /usr/bin/intltool-merge
configure:4774: result: /usr/bin/intltool-merge
configure:4784: checking for intltool-extract
configure:4802: found /usr/bin/intltool-extract
configure:4814: result: /usr/bin/intltool-extract
configure:4968: checking for xgettext
configure:4986: found /usr/bin/xgettext
configure:4998: result: /usr/bin/xgettext
configure:5008: checking for msgmerge
configure:5026: found /usr/bin/msgmerge
configure:5038: result: /usr/bin/msgmerge
configure:5048: checking for msgfmt
configure:5066: found /usr/bin/msgfmt
configure:5078: result: /usr/bin/msgfmt
configure:5088: checking for gmsgfmt
configure:5119: result: /usr/bin/msgfmt
configure:5139: checking for perl
configure:5157: found /usr/bin/perl
configure:5169: result: /usr/bin/perl
configure:5180: checking for perl >= 5.8.1
configure:5187: result: 5.22.1
configure:5191: checking for XML::Parser
configure:5194: result: ok
configure:5218: checking for grep that handles long lines and -e
configure:5276: result: /usr/bin/grep
configure:5281: checking for egrep
configure:5343: result: /usr/bin/grep -E
configure:5348: checking for ANSI C header files
configure:5368: gcc -c -g -O2  conftest.c >&5
configure:5368: $? = 0
configure:5441: gcc -o conftest -g -O2   conftest.c  >&5
configure:5441: $? = 0
configure:5441: ./conftest
configure:5441: $? = 0
configure:5452: result: yes
configure:5465: checking for sys/types.h
configure:5465: gcc -c -g -O2  conftest.c >&5
configure:5465: $? = 0
configure:5465: result: yes
configure:5465: checking for sys/stat.h
configure:5465: gcc -c -g -O2  conftest.c >&5
configure:5465: $? = 0
configure:5465: result: yes
configure:5465: checking for stdlib.h
configure:5465: gcc -c -g -O2  conftest.c >&5
configure:5465: $? = 0
configure:5465: result: yes
configure:5465: checking for string.h
configure:5465: gcc -c -g -O2  conftest.c >&5
configure:5465: $? = 0
configure:5465: result: yes
configure:5465: checking for memory.h
configure:5465: gcc -c -g -O2  conftest.c >&5
configure:5465: $? = 0
configure:5465: result: yes
configure:5465: checking for strings.h
configure:5465: gcc -c -g -O2  conftest.c >&5
configure:5465: $? = 0
configure:5465: result: yes
configure:5465: checking for inttypes.h
configure:5465: gcc -c -g -O2  conftest.c >&5
configure:5465: $? = 0
configure:5465: result: yes
configure:5465: checking for stdint.h
configure:5465: gcc -c -g -O2  conftest.c >&5
configure:5465: $? = 0
configure:5465: result: yes
configure:5465: checking for unistd.h
configure:5465: gcc -c -g -O2  conftest.c >&5
configure:5465: $? = 0
configure:5465: result: yes
configure:5480: checking locale.h usability
configure:5480: gcc -c -g -O2  conftest.c >&5
configure:5480: $? = 0
configure:5480: result: yes
configure:5480: checking locale.h presence
configure:5480: gcc -E  conftest.c
configure:5480: $? = 0
configure:5480: result: yes
configure:5480: checking for locale.h
configure:5480: result: yes
configure:5491: checking for LC_MESSAGES
configure:5507: gcc -o conftest -g -O2   conftest.c  >&5
configure:5507: $? = 0
configure:5515: result: yes
configure:5532: checking libintl.h usability
configure:5532: gcc -c -g -O2  conftest.c >&5
configure:5532: $? = 0
configure:5532: result: yes
configure:5532: checking libintl.h presence
configure:5532: gcc -E  conftest.c
configure:5532: $? = 0
configure:5532: result: yes
configure:5532: checking for libintl.h
configure:5532: result: yes
configure:5540: checking for ngettext in libc
configure:5558: gcc -o conftest -g -O2   conftest.c  >&5
configure:5558: $? = 0
configure:5567: result: yes
configure:5571: checking for dgettext in libc
configure:5589: gcc -o conftest -g -O2   conftest.c  >&5
configure:5589: $? = 0
configure:5598: result: yes
configure:5605: checking for bind_textdomain_codeset
configure:5605: gcc -o conftest -g -O2   conftest.c  >&5
configure:5605: $? = 0
configure:5605: result: yes
configure:5881: checking for msgfmt
configure:5908: result: /usr/bin/msgfmt
configure:5919: checking for dcgettext
configure:5919: gcc -o conftest -g -O2   conftest.c   >&5
conftest.c:49:6: warning: conflicting types for built-in function 'dcgettext'
 char dcgettext ();
      ^
configure:5919: $? = 0
configure:5919: result: yes
configure:5929: checking if msgfmt accepts -c
configure:5944: $MSGFMT -c -o /dev/null conftest.foo
conftest.foo:3: warning: header field 'Language' missing in header
configure:5947: $? = 0
configure:5949: result: yes
configure:5959: checking for gmsgfmt
configure:5990: result: /usr/bin/msgfmt
configure:6000: checking for xgettext
configure:6027: result: /usr/bin/xgettext
configure:6046: gcc -o conftest -g -O2   conftest.c   >&5
configure:6046: $? = 0
configure:6192: checking build system type
configure:6206: result: x86_64-unknown-linux-gnu
configure:6226: checking host system type
configure:6239: result: x86_64-unknown-linux-gnu
configure:6338: checking how to print strings
configure:6365: result: printf
configure:6386: checking for a sed that does not truncate output
configure:6450: result: /usr/bin/sed
configure:6468: checking for fgrep
configure:6530: result: /usr/bin/grep -F
configure:6565: checking for ld used by gcc
configure:6632: result: /usr/bin/ld
configure:6639: checking if the linker (/usr/bin/ld) is GNU ld
configure:6654: result: yes
configure:6666: checking for BSD- or MS-compatible name lister (nm)
configure:6720: result: /usr/bin/nm -B
configure:6850: checking the name lister (/usr/bin/nm -B) interface
configure:6857: gcc -c -g -O2  conftest.c >&5
configure:6860: /usr/bin/nm -B "conftest.o"
configure:6863: output
0000000000000000 B some_variable
configure:6870: result: BSD nm
configure:6873: checking whether ln -s works
configure:6877: result: yes
configure:6885: checking the maximum length of command line arguments
configure:7016: result: 1572864
configure:7064: checking how to convert x86_64-unknown-linux-gnu file names to x86_64-unknown-linux-gnu format
configure:7104: result: func_convert_file_noop
configure:7111: checking how to convert x86_64-unknown-linux-gnu file names to toolchain format
configure:7131: result: func_convert_file_noop
configure:7138: checking for /usr/bin/ld option to reload object files
configure:7145: result: -r
configure:7219: checking for objdump
configure:7235: found /usr/bin/objdump
configure:7246: result: objdump
configure:7275: checking how to recognize dependent libraries
configure:7475: result: pass_all
configure:7560: checking for dlltool
configure:7590: result: no
configure:7617: checking how to associate runtime and link libraries
configure:7644: result: printf %s\n
configure:7704: checking for ar
configure:7720: found /usr/bin/ar
configure:7731: result: ar
configure:7768: checking for archiver @FILE support
configure:7785: gcc -c -g -O2  conftest.c >&5
configure:7785: $? = 0
configure:7788: ar cru libconftest.a @conftest.lst >&5
ar: `u' modifier ignored since `D' is the default (see `U')
configure:7791: $? = 0
configure:7796: ar cru libconftest.a @conftest.lst >&5
ar: `u' modifier ignored since `D' is the default (see `U')
ar: conftest.o: No such file or directory
configure:7799: $? = 1
configure:7811: result: @
configure:7869: checking for strip
configure:7885: found /usr/bin/strip
configure:7896: result: strip
configure:7968: checking for ranlib
configure:7984: found /usr/bin/ranlib
configure:7995: result: ranlib
configure:8097: checking command to parse /usr/bin/nm -B output from gcc object
configure:8250: gcc -c -g -O2  conftest.c >&5
configure:8253: $? = 0
configure:8257: /usr/bin/nm -B conftest.o \| sed -n -e 's/^.*[ ]\([ABCDGIRSTW][ABCDGIRSTW]*\)[ ][ ]*\([_A-Za-z][_A-Za-z0-9]*\)$/\1 \2 \2/p' | sed '/ __gnu_lto/d' \> conftest.nm
configure:8260: $? = 0
configure:8326: gcc -o conftest -g -O2   conftest.c conftstm.o >&5
configure:8329: $? = 0
configure:8367: result: ok
configure:8414: checking for sysroot
configure:8444: result: no
configure:8451: checking for a working dd
configure:8489: result: /usr/bin/dd
configure:8493: checking how to truncate binary pipes
configure:8508: result: /usr/bin/dd bs=4096 count=1
configure:8644: gcc -c -g -O2  conftest.c >&5
configure:8647: $? = 0
configure:8837: checking for mt
configure:8867: result: no
configure:8887: checking if : is a manifest tool
configure:8893: : '-?'
configure:8901: result: no
configure:9575: checking for dlfcn.h
configure:9575: gcc -c -g -O2  conftest.c >&5
configure:9575: $? = 0
configure:9575: result: yes
configure:10140: checking for objdir
configure:10155: result: .libs
configure:10415: checking if gcc supports -fno-rtti -fno-exceptions
configure:10433: gcc -c -g -O2  -fno-rtti -fno-exceptions conftest.c >&5
cc1: warning: command line option '-fno-rtti' is valid for C++/ObjC++ but not for C
configure:10437: $? = 0
configure:10450: result: no
configure:10808: checking for gcc option to produce PIC
configure:10815: result: -fPIC -DPIC
configure:10823: checking if gcc PIC flag -fPIC -DPIC works
configure:10841: gcc -c -g -O2  -fPIC -DPIC -DPIC conftest.c >&5
configure:10845: $? = 0
configure:10858: result: yes
configure:10887: checking if gcc static flag -static works
configure:10915: result: yes
configure:10930: checking if gcc supports -c -o file.o
configure:10951: gcc -c -g -O2  -o out/conftest2.o conftest.c >&5
configure:10955: $? = 0
configure:10977: result: yes
configure:10985: checking if gcc supports -c -o file.o
configure:11032: result: yes
configure:11065: checking whether the gcc linker (/usr/bin/ld -m elf_x86_64) supports shared libraries
configure:12324: result: yes
configure:12361: checking whether -lc should be explicitly linked in
configure:12369: gcc -c -g -O2  conftest.c >&5
configure:12372: $? = 0
configure:12387: gcc -shared  -fPIC -DPIC conftest.o  -v -Wl,-soname -Wl,conftest -o conftest 2\>\&1 \| /usr/bin/grep  -lc  \>/dev/null 2\>\&1
configure:12390: $? = 0
configure:12404: result: no
configure:12564: checking dynamic linker characteristics
configure:13145: gcc -o conftest -g -O2   -Wl,-rpath -Wl,/foo conftest.c  >&5
configure:13145: $? = 0
configure:13382: result: GNU/Linux ld.so
configure:13504: checking how to hardcode library paths into programs
configure:13529: result: immediate
configure:14077: checking whether stripping libraries is possible
configure:14082: result: yes
configure:14117: checking if libtool supports shared libraries
configure:14119: result: yes
configure:14122: checking whether to build shared libraries
configure:14147: result: yes
configure:14150: checking whether to build static libraries
configure:14154: result: yes
configure:14177: checking how to run the C++ preprocessor
configure:14204: g++ -E  conftest.cpp
configure:14204: $? = 0
configure:14218: g++ -E  conftest.cpp
conftest.cpp:30:28: fatal error: ac_nonexistent.h: No such file or directory
compilation terminated.
configure:14218: $? = 1
configure: failed program was:
| /* confdefs.h */
| #define PACKAGE_NAME "calculator"
| #define PACKAGE_TARNAME "calculator"
| #define PACKAGE_VERSION "0.1"
| #define PACKAGE_STRING "calculator 0.1"
| #define PACKAGE_BUGREPORT ""
| #define PACKAGE_URL ""
| #define PACKAGE "calculator"
| #define VERSION "0.1"
| #define GETTEXT_PACKAGE "calculator"
| #define STDC_HEADERS 1
| #define HAVE_SYS_TYPES_H 1
| #define HAVE_SYS_STAT_H 1
| #define HAVE_STDLIB_H 1
| #define HAVE_STRING_H 1
| #define HAVE_MEMORY_H 1
| #define HAVE_STRINGS_H 1
| #define HAVE_INTTYPES_H 1
| #define HAVE_STDINT_H 1
| #define HAVE_UNISTD_H 1
| #define HAVE_LOCALE_H 1
| #define HAVE_LC_MESSAGES 1
| #define HAVE_BIND_TEXTDOMAIN_CODESET 1
| #define HAVE_GETTEXT 1
| #define HAVE_DCGETTEXT 1
| #define ENABLE_NLS 1
| #define HAVE_DLFCN_H 1
| #define LT_OBJDIR ".libs/"
| /* end confdefs.h.  */
| #include <ac_nonexistent.h>
configure:14243: result: g++ -E
configure:14263: g++ -E  conftest.cpp
configure:14263: $? = 0
configure:14277: g++ -E  conftest.cpp
conftest.cpp:30:28: fatal error: ac_nonexistent.h: No such file or directory
compilation terminated.
configure:14277: $? = 1
configure: failed program was:
| /* confdefs.h */
| #define PACKAGE_NAME "calculator"
| #define PACKAGE_TARNAME "calculator"
| #define PACKAGE_VERSION "0.1"
| #define PACKAGE_STRING "calculator 0.1"
| #define PACKAGE_BUGREPORT ""
| #define PACKAGE_URL ""
| #define PACKAGE "calculator"
| #define VERSION "0.1"
| #define GETTEXT_PACKAGE "calculator"
| #define STDC_HEADERS 1
| #define HAVE_SYS_TYPES_H 1
| #define HAVE_SYS_STAT_H 1
| #define HAVE_STDLIB_H 1
| #define HAVE_STRING_H 1
| #define HAVE_MEMORY_H 1
| #define HAVE_STRINGS_H 1
| #define HAVE_INTTYPES_H 1
| #define HAVE_STDINT_H 1
| #define HAVE_UNISTD_H 1
| #define HAVE_LOCALE_H 1
| #define HAVE_LC_MESSAGES 1
| #define HAVE_BIND_TEXTDOMAIN_CODESET 1
| #define HAVE_GETTEXT 1
| #define HAVE_DCGETTEXT 1
| #define ENABLE_NLS 1
| #define HAVE_DLFCN_H 1
| #define LT_OBJDIR ".libs/"
| /* end confdefs.h.  */
| #include <ac_nonexistent.h>
configure:14439: checking for ld used by g++
configure:14506: result: /usr/bin/ld -m elf_x86_64
configure:14513: checking if the linker (/usr/bin/ld -m elf_x86_64) is GNU ld
configure:14528: result: yes
configure:14583: checking whether the g++ linker (/usr/bin/ld -m elf_x86_64) supports shared libraries
configure:15656: result: yes
configure:15692: g++ -c -g -O2  conftest.cpp >&5
configure:15695: $? = 0
configure:16176: checking for g++ option to produce PIC
configure:16183: result: -fPIC -DPIC
configure:16191: checking if g++ PIC flag -fPIC -DPIC works
configure:16209: g++ -c -g -O2  -fPIC -DPIC -DPIC conftest.cpp >&5
configure:16213: $? = 0
configure:16226: result: yes
configure:16249: checking if g++ static flag -static works
configure:16277: result: yes
configure:16289: checking if g++ supports -c -o file.o
configure:16310: g++ -c -g -O2  -o out/conftest2.o conftest.cpp >&5
configure:16314: $? = 0
configure:16336: result: yes
configure:16341: checking if g++ supports -c -o file.o
configure:16388: result: yes
configure:16418: checking whether the g++ linker (/usr/bin/ld -m elf_x86_64) supports shared libraries
configure:16458: result: yes
configure:16599: checking dynamic linker characteristics
configure:17344: result: GNU/Linux ld.so
configure:17409: checking how to hardcode library paths into programs
configure:17434: result: immediate
configure:17551: checking for pkg-config
configure:17569: found /usr/bin/pkg-config
configure:17581: result: /usr/bin/pkg-config
configure:17606: checking pkg-config is at least version 0.9.0
configure:17609: result: yes
configure:17619: checking for CALCULATOR
configure:17626: $PKG_CONFIG --exists --print-errors "gtk+-3.0 >= 2.90.3 "
configure:17629: $? = 0
configure:17643: $PKG_CONFIG --exists --print-errors "gtk+-3.0 >= 2.90.3 "
configure:17646: $? = 0
configure:17704: result: yes
configure:17715: checking for gtk-doc
configure:17718: $PKG_CONFIG --exists --print-errors "$gtk_doc_requires"
configure:17721: $? = 0
configure:17727: result: yes
configure:17741: checking for gtkdoc-check
configure:17757: found /usr/bin/gtkdoc-check
configure:17768: result: gtkdoc-check.test
configure:17778: checking for gtkdoc-check
configure:17796: found /usr/bin/gtkdoc-check
configure:17808: result: /usr/bin/gtkdoc-check
configure:17820: checking for gtkdoc-rebase
configure:17838: found /usr/bin/gtkdoc-rebase
configure:17850: result: /usr/bin/gtkdoc-rebase
configure:17864: checking for gtkdoc-mkpdf
configure:17882: found /usr/bin/gtkdoc-mkpdf
configure:17894: result: /usr/bin/gtkdoc-mkpdf
configure:17922: checking whether to build gtk-doc documentation
configure:17924: result: no
configure:17937: checking for GTKDOC_DEPS
configure:17944: $PKG_CONFIG --exists --print-errors "glib-2.0 >= 2.10.0 gobject-2.0  >= 2.10.0"
configure:17947: $? = 0
configure:17961: $PKG_CONFIG --exists --print-errors "glib-2.0 >= 2.10.0 gobject-2.0  >= 2.10.0"
configure:17964: $? = 0
configure:18002: result: yes
configure:18194: checking that generated files are newer than configure
configure:18200: result: done
configure:18263: creating ./config.status

## ---------------------- ##
## Running config.status. ##
## ---------------------- ##

This file was extended by calculator config.status 0.1, which was
generated by GNU Autoconf 2.69.  Invocation command line was

  CONFIG_FILES    = 
  CONFIG_HEADERS  = 
  CONFIG_LINKS    = 
  CONFIG_COMMANDS = 
  $ ./config.status 

on ArchLinux

config.status:1258: creating Makefile
config.status:1258: creating src/Makefile
config.status:1258: creating po/Makefile.in
config.status:1258: creating config.h
config.status:1487: executing depfiles commands
config.status:1487: executing default-1 commands
config.status:1487: executing libtool commands
config.status:1487: executing po/stamp-it commands

## ---------------- ##
## Cache variables. ##
## ---------------- ##

ac_cv_build=x86_64-unknown-linux-gnu
ac_cv_c_compiler_gnu=yes
ac_cv_cxx_compiler_gnu=yes
ac_cv_env_CALCULATOR_CFLAGS_set=
ac_cv_env_CALCULATOR_CFLAGS_value=
ac_cv_env_CALCULATOR_LIBS_set=
ac_cv_env_CALCULATOR_LIBS_value=
ac_cv_env_CCC_set=
ac_cv_env_CCC_value=
ac_cv_env_CC_set=
ac_cv_env_CC_value=
ac_cv_env_CFLAGS_set=
ac_cv_env_CFLAGS_value=
ac_cv_env_CPPFLAGS_set=
ac_cv_env_CPPFLAGS_value=
ac_cv_env_CPP_set=
ac_cv_env_CPP_value=
ac_cv_env_CXXCPP_set=
ac_cv_env_CXXCPP_value=
ac_cv_env_CXXFLAGS_set=
ac_cv_env_CXXFLAGS_value=
ac_cv_env_CXX_set=
ac_cv_env_CXX_value=
ac_cv_env_GTKDOC_DEPS_CFLAGS_set=
ac_cv_env_GTKDOC_DEPS_CFLAGS_value=
ac_cv_env_GTKDOC_DEPS_LIBS_set=
ac_cv_env_GTKDOC_DEPS_LIBS_value=
ac_cv_env_LDFLAGS_set=
ac_cv_env_LDFLAGS_value=
ac_cv_env_LIBS_set=
ac_cv_env_LIBS_value=
ac_cv_env_LT_SYS_LIBRARY_PATH_set=
ac_cv_env_LT_SYS_LIBRARY_PATH_value=
ac_cv_env_PKG_CONFIG_LIBDIR_set=
ac_cv_env_PKG_CONFIG_LIBDIR_value=
ac_cv_env_PKG_CONFIG_PATH_set=
ac_cv_env_PKG_CONFIG_PATH_value=
ac_cv_env_PKG_CONFIG_set=
ac_cv_env_PKG_CONFIG_value=
ac_cv_env_build_alias_set=
ac_cv_env_build_alias_value=
ac_cv_env_host_alias_set=
ac_cv_env_host_alias_value=
ac_cv_env_target_alias_set=
ac_cv_env_target_alias_value=
ac_cv_func_bind_textdomain_codeset=yes
ac_cv_func_dcgettext=yes
ac_cv_header_dlfcn_h=yes
ac_cv_header_inttypes_h=yes
ac_cv_header_libintl_h=yes
ac_cv_header_locale_h=yes
ac_cv_header_memory_h=yes
ac_cv_header_stdc=yes
ac_cv_header_stdint_h=yes
ac_cv_header_stdlib_h=yes
ac_cv_header_string_h=yes
ac_cv_header_strings_h=yes
ac_cv_header_sys_stat_h=yes
ac_cv_header_sys_types_h=yes
ac_cv_header_unistd_h=yes
ac_cv_host=x86_64-unknown-linux-gnu
ac_cv_objext=o
ac_cv_path_EGREP='/usr/bin/grep -E'
ac_cv_path_FGREP='/usr/bin/grep -F'
ac_cv_path_GMSGFMT=/usr/bin/msgfmt
ac_cv_path_GREP=/usr/bin/grep
ac_cv_path_GTKDOC_CHECK_PATH=/usr/bin/gtkdoc-check
ac_cv_path_GTKDOC_MKPDF=/usr/bin/gtkdoc-mkpdf
ac_cv_path_GTKDOC_REBASE=/usr/bin/gtkdoc-rebase
ac_cv_path_INTLTOOL_EXTRACT=/usr/bin/intltool-extract
ac_cv_path_INTLTOOL_MERGE=/usr/bin/intltool-merge
ac_cv_path_INTLTOOL_PERL=/usr/bin/perl
ac_cv_path_INTLTOOL_UPDATE=/usr/bin/intltool-update
ac_cv_path_MSGFMT=/usr/bin/msgfmt
ac_cv_path_MSGMERGE=/usr/bin/msgmerge
ac_cv_path_SED=/usr/bin/sed
ac_cv_path_XGETTEXT=/usr/bin/xgettext
ac_cv_path_ac_pt_PKG_CONFIG=/usr/bin/pkg-config
ac_cv_path_install='/usr/bin/install -c'
ac_cv_path_lt_DD=/usr/bin/dd
ac_cv_path_mkdir=/usr/bin/mkdir
ac_cv_prog_AWK=gawk
ac_cv_prog_CPP='gcc -E'
ac_cv_prog_CXXCPP='g++ -E'
ac_cv_prog_GTKDOC_CHECK=gtkdoc-check.test
ac_cv_prog_ac_ct_AR=ar
ac_cv_prog_ac_ct_CC=gcc
ac_cv_prog_ac_ct_CXX=g++
ac_cv_prog_ac_ct_OBJDUMP=objdump
ac_cv_prog_ac_ct_RANLIB=ranlib
ac_cv_prog_ac_ct_STRIP=strip
ac_cv_prog_cc_c89=
ac_cv_prog_cc_g=yes
ac_cv_prog_cxx_g=yes
ac_cv_prog_make_make_set=yes
am_cv_CC_dependencies_compiler_type=gcc3
am_cv_CXX_dependencies_compiler_type=gcc3
am_cv_make_support_nested_variables=yes
am_cv_prog_cc_c_o=yes
am_cv_val_LC_MESSAGES=yes
gt_cv_func_dgettext_libc=yes
gt_cv_func_dgettext_libintl=no
gt_cv_func_ngettext_libc=yes
gt_cv_have_gettext=yes
lt_cv_ar_at_file=@
lt_cv_archive_cmds_need_lc=no
lt_cv_deplibs_check_method=pass_all
lt_cv_file_magic_cmd='$MAGIC_CMD'
lt_cv_file_magic_test_file=
lt_cv_ld_reload_flag=-r
lt_cv_nm_interface='BSD nm'
lt_cv_objdir=.libs
lt_cv_path_LD=/usr/bin/ld
lt_cv_path_LDCXX='/usr/bin/ld -m elf_x86_64'
lt_cv_path_NM='/usr/bin/nm -B'
lt_cv_path_mainfest_tool=no
lt_cv_prog_compiler_c_o=yes
lt_cv_prog_compiler_c_o_CXX=yes
lt_cv_prog_compiler_pic='-fPIC -DPIC'
lt_cv_prog_compiler_pic_CXX='-fPIC -DPIC'
lt_cv_prog_compiler_pic_works=yes
lt_cv_prog_compiler_pic_works_CXX=yes
lt_cv_prog_compiler_rtti_exceptions=no
lt_cv_prog_compiler_static_works=yes
lt_cv_prog_compiler_static_works_CXX=yes
lt_cv_prog_gnu_ld=yes
lt_cv_prog_gnu_ldcxx=yes
lt_cv_sharedlib_from_linklib_cmd='printf %s\n'
lt_cv_shlibpath_overrides_runpath=no
lt_cv_sys_global_symbol_pipe='sed -n -e '\''s/^.*[	 ]\([ABCDGIRSTW][ABCDGIRSTW]*\)[	 ][	 ]*\([_A-Za-z][_A-Za-z0-9]*\)$/\1 \2 \2/p'\'' | sed '\''/ __gnu_lto/d'\'''
lt_cv_sys_global_symbol_to_c_name_address='sed -n -e '\''s/^: \(.*\) .*$/  {"\1", (void *) 0},/p'\'' -e '\''s/^[ABCDGIRSTW][ABCDGIRSTW]* .* \(.*\)$/  {"\1", (void *) \&\1},/p'\'''
lt_cv_sys_global_symbol_to_c_name_address_lib_prefix='sed -n -e '\''s/^: \(.*\) .*$/  {"\1", (void *) 0},/p'\'' -e '\''s/^[ABCDGIRSTW][ABCDGIRSTW]* .* \(lib.*\)$/  {"\1", (void *) \&\1},/p'\'' -e '\''s/^[ABCDGIRSTW][ABCDGIRSTW]* .* \(.*\)$/  {"lib\1", (void *) \&\1},/p'\'''
lt_cv_sys_global_symbol_to_cdecl='sed -n -e '\''s/^T .* \(.*\)$/extern int \1();/p'\'' -e '\''s/^[ABCDGIRSTW][ABCDGIRSTW]* .* \(.*\)$/extern char \1;/p'\'''
lt_cv_sys_global_symbol_to_import=
lt_cv_sys_max_cmd_len=1572864
lt_cv_to_host_file_cmd=func_convert_file_noop
lt_cv_to_tool_file_cmd=func_convert_file_noop
lt_cv_truncate_bin='/usr/bin/dd bs=4096 count=1'
pkg_cv_CALCULATOR_CFLAGS='-pthread -I/usr/include/gtk-3.0 -I/usr/include/at-spi2-atk/2.0 -I/usr/include/at-spi-2.0 -I/usr/include/dbus-1.0 -I/usr/lib/dbus-1.0/include -I/usr/include/gtk-3.0 -I/usr/include/gio-unix-2.0/ -I/usr/include/cairo -I/usr/include/pango-1.0 -I/usr/include/atk-1.0 -I/usr/include/cairo -I/usr/include/pixman-1 -I/usr/include/freetype2 -I/usr/include/libpng16 -I/usr/include/harfbuzz -I/usr/include/freetype2 -I/usr/include/harfbuzz -I/usr/include/libdrm -I/usr/include/libpng16 -I/usr/include/gdk-pixbuf-2.0 -I/usr/include/libpng16 -I/usr/include/glib-2.0 -I/usr/lib/glib-2.0/include'
pkg_cv_CALCULATOR_LIBS='-lgtk-3 -lgdk-3 -lpangocairo-1.0 -lpango-1.0 -latk-1.0 -lcairo-gobject -lcairo -lgdk_pixbuf-2.0 -lgio-2.0 -lgobject-2.0 -lglib-2.0'
pkg_cv_GTKDOC_DEPS_CFLAGS='-I/usr/include/glib-2.0 -I/usr/lib/glib-2.0/include'
pkg_cv_GTKDOC_DEPS_LIBS='-lgobject-2.0 -lglib-2.0'

## ----------------- ##
## Output variables. ##
## ----------------- ##

ACLOCAL='${SHELL} /home/james/calculator/missing aclocal-1.15'
ALL_LINGUAS=''
AMDEPBACKSLASH='\'
AMDEP_FALSE='#'
AMDEP_TRUE=''
AMTAR='$${TAR-tar}'
AM_BACKSLASH='\'
AM_DEFAULT_V='$(AM_DEFAULT_VERBOSITY)'
AM_DEFAULT_VERBOSITY='0'
AM_V='$(V)'
AR='ar'
AS='as'
AUTOCONF='${SHELL} /home/james/calculator/missing autoconf'
AUTOHEADER='${SHELL} /home/james/calculator/missing autoheader'
AUTOMAKE='${SHELL} /home/james/calculator/missing automake-1.15'
AWK='gawk'
CALCULATOR_CFLAGS='-pthread -I/usr/include/gtk-3.0 -I/usr/include/at-spi2-atk/2.0 -I/usr/include/at-spi-2.0 -I/usr/include/dbus-1.0 -I/usr/lib/dbus-1.0/include -I/usr/include/gtk-3.0 -I/usr/include/gio-unix-2.0/ -I/usr/include/cairo -I/usr/include/pango-1.0 -I/usr/include/atk-1.0 -I/usr/include/cairo -I/usr/include/pixman-1 -I/usr/include/freetype2 -I/usr/include/libpng16 -I/usr/include/harfbuzz -I/usr/include/freetype2 -I/usr/include/harfbuzz -I/usr/include/libdrm -I/usr/include/libpng16 -I/usr/include/gdk-pixbuf-2.0 -I/usr/include/libpng16 -I/usr/include/glib-2.0 -I/usr/lib/glib-2.0/include'
CALCULATOR_LIBS='-lgtk-3 -lgdk-3 -lpangocairo-1.0 -lpango-1.0 -latk-1.0 -lcairo-gobject -lcairo -lgdk_pixbuf-2.0 -lgio-2.0 -lgobject-2.0 -lglib-2.0'
CATALOGS=''
CATOBJEXT='.gmo'
CC='gcc'
CCDEPMODE='depmode=gcc3'
CFLAGS='-g -O2'
CPP='gcc -E'
CPPFLAGS=''
CXX='g++'
CXXCPP='g++ -E'
CXXDEPMODE='depmode=gcc3'
CXXFLAGS='-g -O2'
CYGPATH_W='echo'
DATADIRNAME='share'
DEFS='-DHAVE_CONFIG_H'
DEPDIR='.deps'
DLLTOOL='false'
DSYMUTIL=''
DUMPBIN=''
ECHO_C=''
ECHO_N='-n'
ECHO_T=''
EGREP='/usr/bin/grep -E'
ENABLE_GTK_DOC_FALSE=''
ENABLE_GTK_DOC_TRUE='#'
EXEEXT=''
FGREP='/usr/bin/grep -F'
GETTEXT_PACKAGE='calculator'
GMOFILES=''
GMSGFMT='/usr/bin/msgfmt'
GREP='/usr/bin/grep'
GTKDOC_CHECK='gtkdoc-check.test'
GTKDOC_CHECK_PATH='/usr/bin/gtkdoc-check'
GTKDOC_DEPS_CFLAGS='-I/usr/include/glib-2.0 -I/usr/lib/glib-2.0/include'
GTKDOC_DEPS_LIBS='-lgobject-2.0 -lglib-2.0'
GTKDOC_MKPDF='/usr/bin/gtkdoc-mkpdf'
GTKDOC_REBASE='/usr/bin/gtkdoc-rebase'
GTK_DOC_BUILD_HTML_FALSE='#'
GTK_DOC_BUILD_HTML_TRUE=''
GTK_DOC_BUILD_PDF_FALSE=''
GTK_DOC_BUILD_PDF_TRUE='#'
GTK_DOC_USE_LIBTOOL_FALSE='#'
GTK_DOC_USE_LIBTOOL_TRUE=''
GTK_DOC_USE_REBASE_FALSE='#'
GTK_DOC_USE_REBASE_TRUE=''
HAVE_GTK_DOC_FALSE='#'
HAVE_GTK_DOC_TRUE=''
HTML_DIR='${datadir}/gtk-doc/html'
INSTALL_DATA='${INSTALL} -m 644'
INSTALL_PROGRAM='${INSTALL}'
INSTALL_SCRIPT='${INSTALL}'
INSTALL_STRIP_PROGRAM='$(install_sh) -c -s'
INSTOBJEXT='.mo'
INTLLIBS=''
INTLTOOL_CAVES_RULE='%.caves:     %.caves.in     $(INTLTOOL_MERGE) $(wildcard $(top_srcdir)/po/*.po) ; $(INTLTOOL_V_MERGE)LC_ALL=C $(INTLTOOL_MERGE) $(INTLTOOL_V_MERGE_OPTIONS) -d -u -c $(top_builddir)/po/.intltool-merge-cache $(top_srcdir)/po $< $@'
INTLTOOL_DESKTOP_RULE='%.desktop:   %.desktop.in   $(INTLTOOL_MERGE) $(wildcard $(top_srcdir)/po/*.po) ; $(INTLTOOL_V_MERGE)LC_ALL=C $(INTLTOOL_MERGE) $(INTLTOOL_V_MERGE_OPTIONS) -d -u -c $(top_builddir)/po/.intltool-merge-cache $(top_srcdir)/po $< $@'
INTLTOOL_DIRECTORY_RULE='%.directory: %.directory.in $(INTLTOOL_MERGE) $(wildcard $(top_srcdir)/po/*.po) ; $(INTLTOOL_V_MERGE)LC_ALL=C $(INTLTOOL_MERGE) $(INTLTOOL_V_MERGE_OPTIONS) -d -u -c $(top_builddir)/po/.intltool-merge-cache $(top_srcdir)/po $< $@'
INTLTOOL_EXTRACT='/usr/bin/intltool-extract'
INTLTOOL_KBD_RULE='%.kbd:       %.kbd.in       $(INTLTOOL_MERGE) $(wildcard $(top_srcdir)/po/*.po) ; $(INTLTOOL_V_MERGE)LC_ALL=C $(INTLTOOL_MERGE) $(INTLTOOL_V_MERGE_OPTIONS) -x -u -m -c $(top_builddir)/po/.intltool-merge-cache $(top_srcdir)/po $< $@'
INTLTOOL_KEYS_RULE='%.keys:      %.keys.in      $(INTLTOOL_MERGE) $(wildcard $(top_srcdir)/po/*.po) ; $(INTLTOOL_V_MERGE)LC_ALL=C $(INTLTOOL_MERGE) $(INTLTOOL_V_MERGE_OPTIONS) -k -u -c $(top_builddir)/po/.intltool-merge-cache $(top_srcdir)/po $< $@'
INTLTOOL_MERGE='/usr/bin/intltool-merge'
INTLTOOL_OAF_RULE='%.oaf:       %.oaf.in       $(INTLTOOL_MERGE) $(wildcard $(top_srcdir)/po/*.po) ; $(INTLTOOL_V_MERGE)LC_ALL=C $(INTLTOOL_MERGE) $(INTLTOOL_V_MERGE_OPTIONS) -o -p $(top_srcdir)/po $< $@'
INTLTOOL_PERL='/usr/bin/perl'
INTLTOOL_POLICY_RULE='%.policy:    %.policy.in    $(INTLTOOL_MERGE) $(wildcard $(top_srcdir)/po/*.po) ; $(INTLTOOL_V_MERGE)LC_ALL=C $(INTLTOOL_MERGE) $(INTLTOOL_V_MERGE_OPTIONS) -x -u -c $(top_builddir)/po/.intltool-merge-cache $(top_srcdir)/po $< $@'
INTLTOOL_PONG_RULE='%.pong:      %.pong.in      $(INTLTOOL_MERGE) $(wildcard $(top_srcdir)/po/*.po) ; $(INTLTOOL_V_MERGE)LC_ALL=C $(INTLTOOL_MERGE) $(INTLTOOL_V_MERGE_OPTIONS) -x -u -c $(top_builddir)/po/.intltool-merge-cache $(top_srcdir)/po $< $@'
INTLTOOL_PROP_RULE='%.prop:      %.prop.in      $(INTLTOOL_MERGE) $(wildcard $(top_srcdir)/po/*.po) ; $(INTLTOOL_V_MERGE)LC_ALL=C $(INTLTOOL_MERGE) $(INTLTOOL_V_MERGE_OPTIONS) -d -u -c $(top_builddir)/po/.intltool-merge-cache $(top_srcdir)/po $< $@'
INTLTOOL_SCHEMAS_RULE='%.schemas:   %.schemas.in   $(INTLTOOL_MERGE) $(wildcard $(top_srcdir)/po/*.po) ; $(INTLTOOL_V_MERGE)LC_ALL=C $(INTLTOOL_MERGE) $(INTLTOOL_V_MERGE_OPTIONS) -s -u -c $(top_builddir)/po/.intltool-merge-cache $(top_srcdir)/po $< $@'
INTLTOOL_SERVER_RULE='%.server:    %.server.in    $(INTLTOOL_MERGE) $(wildcard $(top_srcdir)/po/*.po) ; $(INTLTOOL_V_MERGE)LC_ALL=C $(INTLTOOL_MERGE) $(INTLTOOL_V_MERGE_OPTIONS) -o -u -c $(top_builddir)/po/.intltool-merge-cache $(top_srcdir)/po $< $@'
INTLTOOL_SERVICE_RULE='%.service: %.service.in   $(INTLTOOL_MERGE) $(wildcard $(top_srcdir)/po/*.po) ; $(INTLTOOL_V_MERGE)LC_ALL=C $(INTLTOOL_MERGE) $(INTLTOOL_V_MERGE_OPTIONS) -d -u -c $(top_builddir)/po/.intltool-merge-cache $(top_srcdir)/po $< $@'
INTLTOOL_SHEET_RULE='%.sheet:     %.sheet.in     $(INTLTOOL_MERGE) $(wildcard $(top_srcdir)/po/*.po) ; $(INTLTOOL_V_MERGE)LC_ALL=C $(INTLTOOL_MERGE) $(INTLTOOL_V_MERGE_OPTIONS) -x -u -c $(top_builddir)/po/.intltool-merge-cache $(top_srcdir)/po $< $@'
INTLTOOL_SOUNDLIST_RULE='%.soundlist: %.soundlist.in $(INTLTOOL_MERGE) $(wildcard $(top_srcdir)/po/*.po) ; $(INTLTOOL_V_MERGE)LC_ALL=C $(INTLTOOL_MERGE) $(INTLTOOL_V_MERGE_OPTIONS) -d -u -c $(top_builddir)/po/.intltool-merge-cache $(top_srcdir)/po $< $@'
INTLTOOL_THEME_RULE='%.theme:     %.theme.in     $(INTLTOOL_MERGE) $(wildcard $(top_srcdir)/po/*.po) ; $(INTLTOOL_V_MERGE)LC_ALL=C $(INTLTOOL_MERGE) $(INTLTOOL_V_MERGE_OPTIONS) -d -u -c $(top_builddir)/po/.intltool-merge-cache $(top_srcdir)/po $< $@'
INTLTOOL_UI_RULE='%.ui:        %.ui.in        $(INTLTOOL_MERGE) $(wildcard $(top_srcdir)/po/*.po) ; $(INTLTOOL_V_MERGE)LC_ALL=C $(INTLTOOL_MERGE) $(INTLTOOL_V_MERGE_OPTIONS) -x -u -c $(top_builddir)/po/.intltool-merge-cache $(top_srcdir)/po $< $@'
INTLTOOL_UPDATE='/usr/bin/intltool-update'
INTLTOOL_V_MERGE='$(INTLTOOL__v_MERGE_$(V))'
INTLTOOL_V_MERGE_OPTIONS='$(intltool__v_merge_options_$(V))'
INTLTOOL_XAM_RULE='%.xam:       %.xml.in       $(INTLTOOL_MERGE) $(wildcard $(top_srcdir)/po/*.po) ; $(INTLTOOL_V_MERGE)LC_ALL=C $(INTLTOOL_MERGE) $(INTLTOOL_V_MERGE_OPTIONS) -x -u -c $(top_builddir)/po/.intltool-merge-cache $(top_srcdir)/po $< $@'
INTLTOOL_XML_NOMERGE_RULE='%.xml:       %.xml.in       $(INTLTOOL_MERGE) ; $(INTLTOOL_V_MERGE)LC_ALL=C $(INTLTOOL_MERGE) $(INTLTOOL_V_MERGE_OPTIONS) -x -u --no-translations $< $@'
INTLTOOL_XML_RULE='%.xml:       %.xml.in       $(INTLTOOL_MERGE) $(wildcard $(top_srcdir)/po/*.po) ; $(INTLTOOL_V_MERGE)LC_ALL=C $(INTLTOOL_MERGE) $(INTLTOOL_V_MERGE_OPTIONS) -x -u -c $(top_builddir)/po/.intltool-merge-cache $(top_srcdir)/po $< $@'
INTLTOOL__v_MERGE_0='@echo "  ITMRG " $@;'
INTLTOOL__v_MERGE_='$(INTLTOOL__v_MERGE_$(AM_DEFAULT_VERBOSITY))'
LD='/usr/bin/ld -m elf_x86_64'
LDFLAGS=''
LIBOBJS=''
LIBS=''
LIBTOOL='$(SHELL) $(top_builddir)/libtool'
LIPO=''
LN_S='ln -s'
LTLIBOBJS=''
LT_SYS_LIBRARY_PATH=''
MAKEINFO='${SHELL} /home/james/calculator/missing makeinfo'
MANIFEST_TOOL=':'
MKDIR_P='/usr/bin/mkdir -p'
MKINSTALLDIRS='./mkinstalldirs'
MSGFMT='/usr/bin/msgfmt'
MSGFMT_OPTS='-c'
MSGMERGE='/usr/bin/msgmerge'
NATIVE_WIN32_FALSE=''
NATIVE_WIN32_TRUE='#'
NM='/usr/bin/nm -B'
NMEDIT=''
OBJDUMP='objdump'
OBJEXT='o'
OTOOL64=''
OTOOL=''
PACKAGE='calculator'
PACKAGE_BUGREPORT=''
PACKAGE_NAME='calculator'
PACKAGE_STRING='calculator 0.1'
PACKAGE_TARNAME='calculator'
PACKAGE_URL=''
PACKAGE_VERSION='0.1'
PATH_SEPARATOR=':'
PKG_CONFIG='/usr/bin/pkg-config'
PKG_CONFIG_LIBDIR=''
PKG_CONFIG_PATH=''
PLATFORM_WIN32_FALSE=''
PLATFORM_WIN32_TRUE='#'
POFILES=''
POSUB='po'
PO_IN_DATADIR_FALSE=''
PO_IN_DATADIR_TRUE=''
RANLIB='ranlib'
SED='/usr/bin/sed'
SET_MAKE=''
SHELL='/bin/sh'
STRIP='strip'
USE_NLS='yes'
VERSION='0.1'
XGETTEXT='/usr/bin/xgettext'
ac_ct_AR='ar'
ac_ct_CC='gcc'
ac_ct_CXX='g++'
ac_ct_DUMPBIN=''
am__EXEEXT_FALSE=''
am__EXEEXT_TRUE='#'
am__fastdepCC_FALSE='#'
am__fastdepCC_TRUE=''
am__fastdepCXX_FALSE='#'
am__fastdepCXX_TRUE=''
am__include='include'
am__isrc=''
am__leading_dot='.'
am__nodep='_no'
am__quote=''
am__tar='$${TAR-tar} chof - "$$tardir"'
am__untar='$${TAR-tar} xf -'
bindir='${exec_prefix}/bin'
build='x86_64-unknown-linux-gnu'
build_alias=''
build_cpu='x86_64'
build_os='linux-gnu'
build_vendor='unknown'
datadir='${datarootdir}'
datarootdir='${prefix}/share'
docdir='${datarootdir}/doc/${PACKAGE_TARNAME}'
dvidir='${docdir}'
exec_prefix='${prefix}'
host='x86_64-unknown-linux-gnu'
host_alias=''
host_cpu='x86_64'
host_os='linux-gnu'
host_vendor='unknown'
htmldir='${docdir}'
includedir='${prefix}/include'
infodir='${datarootdir}/info'
install_sh='${SHELL} /home/james/calculator/install-sh'
intltool__v_merge_options_0='-q'
intltool__v_merge_options_='$(intltool__v_merge_options_$(AM_DEFAULT_VERBOSITY))'
libdir='${exec_prefix}/lib'
libexecdir='${exec_prefix}/libexec'
localedir='${datarootdir}/locale'
localstatedir='${prefix}/var'
mandir='${datarootdir}/man'
mkdir_p='$(MKDIR_P)'
oldincludedir='/usr/include'
pdfdir='${docdir}'
prefix='/usr/local'
program_transform_name='s,x,x,'
psdir='${docdir}'
sbindir='${exec_prefix}/sbin'
sharedstatedir='${prefix}/com'
sysconfdir='${prefix}/etc'
target_alias=''

## ----------- ##
## confdefs.h. ##
## ----------- ##

/* confdefs.h */
#define PACKAGE_NAME "calculator"
#define PACKAGE_TARNAME "calculator"
#define PACKAGE_VERSION "0.1"
#define PACKAGE_STRING "calculator 0.1"
#define PACKAGE_BUGREPORT ""
#define PACKAGE_URL ""
#define PACKAGE "calculator"
#define VERSION "0.1"
#define GETTEXT_PACKAGE "calculator"
#define STDC_HEADERS 1
#define HAVE_SYS_TYPES_H 1
#define HAVE_SYS_STAT_H 1
#define HAVE_STDLIB_H 1
#define HAVE_STRING_H 1
#define HAVE_MEMORY_H 1
#define HAVE_STRINGS_H 1
#define HAVE_INTTYPES_H 1
#define HAVE_STDINT_H 1
#define HAVE_UNISTD_H 1
#define HAVE_LOCALE_H 1
#define HAVE_LC_MESSAGES 1
#define HAVE_BIND_TEXTDOMAIN_CODESET 1
#define HAVE_GETTEXT 1
#define HAVE_DCGETTEXT 1
#define ENABLE_NLS 1
#define HAVE_DLFCN_H 1
#define LT_OBJDIR ".libs/"

configure: exit 0
